[debug] [2020-04-07T19:50:52.040Z] ----------------------------------------------------------------------
[debug] [2020-04-07T19:50:52.043Z] Command:       C:\Program Files\nodejs\node.exe C:\Users\Luc\AppData\Roaming\npm\node_modules\firebase-tools\lib\bin\firebase.js serve
[debug] [2020-04-07T19:50:52.043Z] CLI Version:   8.0.1
[debug] [2020-04-07T19:50:52.043Z] Platform:      win32
[debug] [2020-04-07T19:50:52.043Z] Node Version:  v11.6.0
[debug] [2020-04-07T19:50:52.045Z] Time:          Tue Apr 07 2020 12:50:52 GMT-0700 (Pacific Daylight Time)
[debug] [2020-04-07T19:50:52.045Z] ----------------------------------------------------------------------
[debug] [2020-04-07T19:50:52.045Z] 
[debug] [2020-04-07T19:50:52.058Z] > command requires scopes: ["email","openid","https://www.googleapis.com/auth/cloudplatformprojects.readonly","https://www.googleapis.com/auth/firebase","https://www.googleapis.com/auth/cloud-platform"]
[debug] [2020-04-07T19:50:52.059Z] > authorizing via signed-in user
[debug] [2020-04-07T19:50:52.060Z] [iam] checking project recipeebs for permissions ["firebase.projects.get"]
[debug] [2020-04-07T19:50:52.064Z] >>> HTTP REQUEST POST https://cloudresourcemanager.googleapis.com/v1/projects/recipeebs:testIamPermissions  
 {"permissions":["firebase.projects.get"]}
[debug] [2020-04-07T19:50:52.240Z] <<< HTTP RESPONSE 200 {"content-type":"application/json; charset=UTF-8","vary":"X-Origin, Referer, Origin,Accept-Encoding","date":"Tue, 07 Apr 2020 19:50:43 GMT","server":"ESF","cache-control":"private","x-xss-protection":"0","x-frame-options":"SAMEORIGIN","x-content-type-options":"nosniff","server-timing":"gfet4t7; dur=46","alt-svc":"quic=\":443\"; ma=2592000; v=\"46,43\",h3-Q050=\":443\"; ma=2592000,h3-Q049=\":443\"; ma=2592000,h3-Q048=\":443\"; ma=2592000,h3-Q046=\":443\"; ma=2592000,h3-Q043=\":443\"; ma=2592000,h3-T050=\":443\"; ma=2592000","accept-ranges":"none","transfer-encoding":"chunked"}
[debug] [2020-04-07T19:50:52.241Z] >>> HTTP REQUEST GET https://firebase.googleapis.com/v1beta1/projects/recipeebs  
 
[debug] [2020-04-07T19:50:52.738Z] <<< HTTP RESPONSE 200 {"content-type":"application/json; charset=UTF-8","vary":"X-Origin, Referer, Origin,Accept-Encoding","date":"Tue, 07 Apr 2020 19:50:44 GMT","server":"ESF","cache-control":"private","x-xss-protection":"0","x-frame-options":"SAMEORIGIN","x-content-type-options":"nosniff","alt-svc":"quic=\":443\"; ma=2592000; v=\"46,43\",h3-Q050=\":443\"; ma=2592000,h3-Q049=\":443\"; ma=2592000,h3-Q048=\":443\"; ma=2592000,h3-Q046=\":443\"; ma=2592000,h3-Q043=\":443\"; ma=2592000,h3-T050=\":443\"; ma=2592000","accept-ranges":"none","transfer-encoding":"chunked"}
[info] 
[info] === Serving from 'C:\cygwin64\home\Luc\recipe-website'...
[info] 
[debug] [2020-04-07T19:50:52.742Z] >>> HTTP REQUEST GET https://firebase.googleapis.com/v1beta1/projects/recipeebs/webApps/-/config  
 
[debug] [2020-04-07T19:50:53.098Z] <<< HTTP RESPONSE 200 {"content-type":"application/json; charset=UTF-8","vary":"X-Origin, Referer, Origin,Accept-Encoding","date":"Tue, 07 Apr 2020 19:50:44 GMT","server":"ESF","cache-control":"private","x-xss-protection":"0","x-frame-options":"SAMEORIGIN","x-content-type-options":"nosniff","alt-svc":"quic=\":443\"; ma=2592000; v=\"46,43\",h3-Q050=\":443\"; ma=2592000,h3-Q049=\":443\"; ma=2592000,h3-Q048=\":443\"; ma=2592000,h3-Q046=\":443\"; ma=2592000,h3-Q043=\":443\"; ma=2592000,h3-T050=\":443\"; ma=2592000","accept-ranges":"none","transfer-encoding":"chunked"}
[info] i  hosting: Serving hosting files from: dist
[info] +  hosting: Local server: http://localhost:5000
